<?xml version="1.0" encoding="UTF-8"?>
<!-- Generated by org.testng.reporters.JUnitReportReporter -->
<testsuite hostname="MSI" failures="0" tests="1" name="com.wahooFitness.eu.automationTest.AutomationTest" time="20.005" errors="0" timestamp="2021-05-28T15:25:38 CEST" skipped="0">
  <testcase classname="com.wahooFitness.eu.automationTest.AutomationTest" name="method" time="20.005"/>
  <system-out>
    <![CDATA[Opening page: https://eu.wahoofitness.com/
Page opened!
User does not need to select a color.
User does not need to select a color.]]>
  </system-out>
</testsuite> <!-- com.wahooFitness.eu.automationTest.AutomationTest -->
